streetLampApp/build/outputs/logs/manifest-merger-release-report.txt
-- Merging decision tree log ---
manifest
ADDED from src\main\AndroidManifest.xml:2:1-188:12
INJECTED from src\main\AndroidManifest.xml:2:1-188:12
INJECTED from src\main\AndroidManifest.xml:2:1-188:12
INJECTED from src\main\AndroidManifest.xml:2:1-188:12
MERGED from [:zxinglibrary] AndroidManifest.xml:2:1-11:12
MERGED from [:pickViewLibrary] AndroidManifest.xml:2:1-11:12
MERGED from [:slidingMenuLibrary] AndroidManifest.xml:2:1-11:12
MERGED from [:viewPagerIndicatorLibrary] AndroidManifest.xml:2:1-11:12
MERGED from [com.android.support:appcompat-v7:21.0.3] AndroidManifest.xml:14:4-17:12
MERGED from [com.android.support:support-v4:21.0.3] AndroidManifest.xml:14:4-17:12
INJECTED from src\main\AndroidManifest.xml:2:1-188:12
INJECTED from src\main\AndroidManifest.xml:2:1-188:12
INJECTED from src\main\AndroidManifest.xml:2:1-188:12
	package
		ADDED from src\main\AndroidManifest.xml:3:5-41
		INJECTED from src\main\AndroidManifest.xml
		INJECTED from src\main\AndroidManifest.xml
	android:versionName
		ADDED from src\main\AndroidManifest.xml:5:5-30
		INJECTED from src\main\AndroidManifest.xml
		INJECTED from src\main\AndroidManifest.xml
	xmlns:android
		ADDED from src\main\AndroidManifest.xml:2:11-69
	android:versionCode
		ADDED from src\main\AndroidManifest.xml:4:5-28
		INJECTED from src\main\AndroidManifest.xml
		INJECTED from src\main\AndroidManifest.xml
uses-sdk
ADDED from src\main\AndroidManifest.xml:7:5-9:41
INJECTED from src\main\AndroidManifest.xml:7:5-9:41
INJECTED from src\main\AndroidManifest.xml:7:5-9:41
MERGED from [:zxinglibrary] AndroidManifest.xml:7:5-9:41
MERGED from [:zxinglibrary] AndroidManifest.xml:7:5-9:41
MERGED from [:pickViewLibrary] AndroidManifest.xml:7:5-9:41
MERGED from [:pickViewLibrary] AndroidManifest.xml:7:5-9:41
MERGED from [:slidingMenuLibrary] AndroidManifest.xml:7:5-9:41
MERGED from [:slidingMenuLibrary] AndroidManifest.xml:7:5-9:41
MERGED from [:viewPagerIndicatorLibrary] AndroidManifest.xml:7:5-9:41
MERGED from [:viewPagerIndicatorLibrary] AndroidManifest.xml:7:5-9:41
MERGED from [com.android.support:appcompat-v7:21.0.3] AndroidManifest.xml:15:5-42
MERGED from [com.android.support:appcompat-v7:21.0.3] AndroidManifest.xml:15:5-42
MERGED from [com.android.support:support-v4:21.0.3] AndroidManifest.xml:15:5-42
MERGED from [com.android.support:support-v4:21.0.3] AndroidManifest.xml:15:5-42
INJECTED from src\main\AndroidManifest.xml:7:5-9:41
INJECTED from src\main\AndroidManifest.xml:7:5-9:41
	android:targetSdkVersion
		ADDED from src\main\AndroidManifest.xml:9:9-38
		INJECTED from src\main\AndroidManifest.xml
		INJECTED from src\main\AndroidManifest.xml
	android:minSdkVersion
		ADDED from src\main\AndroidManifest.xml:8:9-35
		INJECTED from src\main\AndroidManifest.xml
		INJECTED from src\main\AndroidManifest.xml
uses-permission#com.android.launcher.permission.READ_SETTINGS
ADDED from src\main\AndroidManifest.xml:13:5-85
	android:name
		ADDED from src\main\AndroidManifest.xml:13:22-82
uses-permission#android.permission.ACCESS_COARSE_LOCATION
ADDED from src\main\AndroidManifest.xml:15:5-81
	android:name
		ADDED from src\main\AndroidManifest.xml:15:22-78
uses-permission#android.permission.ACCESS_FINE_LOCATION
ADDED from src\main\AndroidManifest.xml:17:5-79
	android:name
		ADDED from src\main\AndroidManifest.xml:17:22-76
uses-permission#android.permission.ACCESS_WIFI_STATE
ADDED from src\main\AndroidManifest.xml:19:5-76
	android:name
		ADDED from src\main\AndroidManifest.xml:19:22-73
uses-permission#android.permission.ACCESS_NETWORK_STATE
ADDED from src\main\AndroidManifest.xml:21:5-79
	android:name
		ADDED from src\main\AndroidManifest.xml:21:22-76
uses-permission#android.permission.READ_PHONE_STATE
ADDED from src\main\AndroidManifest.xml:23:5-75
	android:name
		ADDED from src\main\AndroidManifest.xml:23:22-72
uses-permission#android.permission.WRITE_EXTERNAL_STORAGE
ADDED from src\main\AndroidManifest.xml:25:5-81
	android:name
		ADDED from src\main\AndroidManifest.xml:25:22-78
uses-permission#android.permission.INTERNET
ADDED from src\main\AndroidManifest.xml:27:5-67
	android:name
		ADDED from src\main\AndroidManifest.xml:27:22-64
uses-permission#android.permission.CAMERA
ADDED from src\main\AndroidManifest.xml:29:5-65
	android:name
		ADDED from src\main\AndroidManifest.xml:29:22-62
uses-permission#android.permission.VIBRATE
ADDED from src\main\AndroidManifest.xml:30:5-66
	android:name
		ADDED from src\main\AndroidManifest.xml:30:22-63
uses-permission#android.permission.FLASHLIGHT
ADDED from src\main\AndroidManifest.xml:31:5-69
	android:name
		ADDED from src\main\AndroidManifest.xml:31:22-66
application
ADDED from src\main\AndroidManifest.xml:33:5-186:19
MERGED from [com.android.support:appcompat-v7:21.0.3] AndroidManifest.xml:16:5-19
MERGED from [com.android.support:appcompat-v7:21.0.3] AndroidManifest.xml:16:5-19
MERGED from [com.android.support:support-v4:21.0.3] AndroidManifest.xml:16:5-19
MERGED from [com.android.support:support-v4:21.0.3] AndroidManifest.xml:16:5-19
	android:label
		ADDED from src\main\AndroidManifest.xml:37:9-41
	android:icon
		ADDED from src\main\AndroidManifest.xml:36:9-45
	android:allowBackup
		ADDED from src\main\AndroidManifest.xml:35:9-35
	android:theme
		ADDED from src\main\AndroidManifest.xml:38:9-40
	android:name
		ADDED from src\main\AndroidManifest.xml:34:9-68
activity#com.shuorigf.streetlampapp.WelcomeActivity
ADDED from src\main\AndroidManifest.xml:39:9-49:20
	android:screenOrientation
		ADDED from src\main\AndroidManifest.xml:42:13-49
	android:label
		ADDED from src\main\AndroidManifest.xml:41:13-45
	android:theme
		ADDED from src\main\AndroidManifest.xml:43:13-77
	android:name
		ADDED from src\main\AndroidManifest.xml:40:13-44
intent-filter#action:name:android.intent.action.MAIN+category:name:android.intent.category.LAUNCHER
ADDED from src\main\AndroidManifest.xml:44:13-48:29
action#android.intent.action.MAIN
ADDED from src\main\AndroidManifest.xml:45:17-69
	android:name
		ADDED from src\main\AndroidManifest.xml:45:25-66
category#android.intent.category.LAUNCHER
ADDED from src\main\AndroidManifest.xml:47:17-77
	android:name
		ADDED from src\main\AndroidManifest.xml:47:27-74
activity#com.shuorigf.streetlampapp.LoginActivity
ADDED from src\main\AndroidManifest.xml:50:9-53:67
	android:screenOrientation
		ADDED from src\main\AndroidManifest.xml:52:13-49
	android:windowSoftInputMode
		ADDED from src\main\AndroidManifest.xml:53:13-64
	android:name
		ADDED from src\main\AndroidManifest.xml:51:13-42
activity#com.shuorigf.streetlampapp.MainActivity
ADDED from src\main\AndroidManifest.xml:54:9-56:52
	android:screenOrientation
		ADDED from src\main\AndroidManifest.xml:56:13-49
	android:name
		ADDED from src\main\AndroidManifest.xml:55:13-41
activity#com.shuorigf.streetlampapp.AboutActivity
ADDED from src\main\AndroidManifest.xml:58:9-60:52
	android:screenOrientation
		ADDED from src\main\AndroidManifest.xml:60:13-49
	android:name
		ADDED from src\main\AndroidManifest.xml:59:13-42
activity#com.shuorigf.streetlampapp.AddDeviceActivity
ADDED from src\main\AndroidManifest.xml:61:9-64:67
	android:screenOrientation
		ADDED from src\main\AndroidManifest.xml:63:13-49
	android:windowSoftInputMode
		ADDED from src\main\AndroidManifest.xml:64:13-64
	android:name
		ADDED from src\main\AndroidManifest.xml:62:13-46
activity#com.shuorigf.streetlampapp.AddLampControlActivity
ADDED from src\main\AndroidManifest.xml:65:9-68:67
	android:screenOrientation
		ADDED from src\main\AndroidManifest.xml:67:13-49
	android:windowSoftInputMode
		ADDED from src\main\AndroidManifest.xml:68:13-64
	android:name
		ADDED from src\main\AndroidManifest.xml:66:13-51
activity#com.shuorigf.streetlampapp.EditLampControlActivity
ADDED from src\main\AndroidManifest.xml:70:9-73:67
	android:screenOrientation
		ADDED from src\main\AndroidManifest.xml:72:13-49
	android:windowSoftInputMode
		ADDED from src\main\AndroidManifest.xml:73:13-64
	android:name
		ADDED from src\main\AndroidManifest.xml:71:13-52
activity#com.shuorigf.streetlampapp.AddNetworkActivity
ADDED from src\main\AndroidManifest.xml:74:9-77:67
	android:screenOrientation
		ADDED from src\main\AndroidManifest.xml:76:13-49
	android:windowSoftInputMode
		ADDED from src\main\AndroidManifest.xml:77:13-64
	android:name
		ADDED from src\main\AndroidManifest.xml:75:13-47
activity#com.shuorigf.streetlampapp.EditNetworkActivity
ADDED from src\main\AndroidManifest.xml:78:9-81:67
	android:screenOrientation
		ADDED from src\main\AndroidManifest.xml:80:13-49
	android:windowSoftInputMode
		ADDED from src\main\AndroidManifest.xml:81:13-64
	android:name
		ADDED from src\main\AndroidManifest.xml:79:13-48
activity#com.shuorigf.streetlampapp.AddProjectActivity
ADDED from src\main\AndroidManifest.xml:82:9-85:67
	android:screenOrientation
		ADDED from src\main\AndroidManifest.xml:84:13-49
	android:windowSoftInputMode
		ADDED from src\main\AndroidManifest.xml:85:13-64
	android:name
		ADDED from src\main\AndroidManifest.xml:83:13-47
activity#com.shuorigf.streetlampapp.EditProjectActivity
ADDED from src\main\AndroidManifest.xml:86:9-89:67
	android:screenOrientation
		ADDED from src\main\AndroidManifest.xml:88:13-49
	android:windowSoftInputMode
		ADDED from src\main\AndroidManifest.xml:89:13-64
	android:name
		ADDED from src\main\AndroidManifest.xml:87:13-48
activity#com.shuorigf.streetlampapp.InspectionSettingActivity
ADDED from src\main\AndroidManifest.xml:90:9-92:52
	android:screenOrientation
		ADDED from src\main\AndroidManifest.xml:92:13-49
	android:name
		ADDED from src\main\AndroidManifest.xml:91:13-54
activity#com.shuorigf.streetlampapp.PushSettingActivity
ADDED from src\main\AndroidManifest.xml:93:9-95:52
	android:screenOrientation
		ADDED from src\main\AndroidManifest.xml:95:13-49
	android:name
		ADDED from src\main\AndroidManifest.xml:94:13-48
activity#com.shuorigf.streetlampapp.SettingActivity
ADDED from src\main\AndroidManifest.xml:96:9-98:52
	android:screenOrientation
		ADDED from src\main\AndroidManifest.xml:98:13-49
	android:name
		ADDED from src\main\AndroidManifest.xml:97:13-44
activity#com.shuorigf.streetlampapp.SwichCityActivity
ADDED from src\main\AndroidManifest.xml:99:9-102:67
	android:screenOrientation
		ADDED from src\main\AndroidManifest.xml:101:13-49
	android:windowSoftInputMode
		ADDED from src\main\AndroidManifest.xml:102:13-64
	android:name
		ADDED from src\main\AndroidManifest.xml:100:13-46
activity#com.shuorigf.streetlampapp.SelectProjectActivity
ADDED from src\main\AndroidManifest.xml:103:9-106:67
	android:screenOrientation
		ADDED from src\main\AndroidManifest.xml:105:13-49
	android:windowSoftInputMode
		ADDED from src\main\AndroidManifest.xml:106:13-64
	android:name
		ADDED from src\main\AndroidManifest.xml:104:13-50
activity#com.shuorigf.streetlampapp.ProjectDetailsActivity
ADDED from src\main\AndroidManifest.xml:107:9-109:52
	android:screenOrientation
		ADDED from src\main\AndroidManifest.xml:109:13-49
	android:name
		ADDED from src\main\AndroidManifest.xml:108:13-51
activity#com.shuorigf.streetlampapp.NetworkListActivity
ADDED from src\main\AndroidManifest.xml:110:9-112:52
	android:screenOrientation
		ADDED from src\main\AndroidManifest.xml:112:13-49
	android:name
		ADDED from src\main\AndroidManifest.xml:111:13-48
activity#com.shuorigf.streetlampapp.EditNetworkListActivity
ADDED from src\main\AndroidManifest.xml:113:9-115:52
	android:screenOrientation
		ADDED from src\main\AndroidManifest.xml:115:13-49
	android:name
		ADDED from src\main\AndroidManifest.xml:114:13-52
activity#com.shuorigf.streetlampapp.LampControlDetailsActivity
ADDED from src\main\AndroidManifest.xml:116:9-118:52
	android:screenOrientation
		ADDED from src\main\AndroidManifest.xml:118:13-49
	android:name
		ADDED from src\main\AndroidManifest.xml:117:13-55
activity#com.shuorigf.streetlampapp.NetworkDetailsActivity
ADDED from src\main\AndroidManifest.xml:119:9-121:52
	android:screenOrientation
		ADDED from src\main\AndroidManifest.xml:121:13-49
	android:name
		ADDED from src\main\AndroidManifest.xml:120:13-51
activity#com.shuorigf.streetlampapp.FaultDetailsActivity
ADDED from src\main\AndroidManifest.xml:122:9-124:52
	android:screenOrientation
		ADDED from src\main\AndroidManifest.xml:124:13-49
	android:name
		ADDED from src\main\AndroidManifest.xml:123:13-49
activity#com.shuorigf.streetlampapp.UpdateHistoryActivity
ADDED from src\main\AndroidManifest.xml:125:9-127:52
	android:screenOrientation
		ADDED from src\main\AndroidManifest.xml:127:13-49
	android:name
		ADDED from src\main\AndroidManifest.xml:126:13-50
activity#com.shuorigf.streetlampapp.LampControlListActivity
ADDED from src\main\AndroidManifest.xml:128:10-131:67
	android:screenOrientation
		ADDED from src\main\AndroidManifest.xml:130:13-49
	android:windowSoftInputMode
		ADDED from src\main\AndroidManifest.xml:131:13-64
	android:name
		ADDED from src\main\AndroidManifest.xml:129:13-52
activity#com.shuorigf.streetlampapp.TotalLampControlListActivity
ADDED from src\main\AndroidManifest.xml:132:9-135:67
	android:screenOrientation
		ADDED from src\main\AndroidManifest.xml:134:13-49
	android:windowSoftInputMode
		ADDED from src\main\AndroidManifest.xml:135:13-64
	android:name
		ADDED from src\main\AndroidManifest.xml:133:13-57
activity#com.shuorigf.streetlampapp.EditLampControlListActivity
ADDED from src\main\AndroidManifest.xml:136:9-138:52
	android:screenOrientation
		ADDED from src\main\AndroidManifest.xml:138:13-49
	android:name
		ADDED from src\main\AndroidManifest.xml:137:13-56
activity#com.shuorigf.streetlampapp.TotalProjectListActivity
ADDED from src\main\AndroidManifest.xml:139:9-142:67
	android:screenOrientation
		ADDED from src\main\AndroidManifest.xml:141:13-49
	android:windowSoftInputMode
		ADDED from src\main\AndroidManifest.xml:142:13-64
	android:name
		ADDED from src\main\AndroidManifest.xml:140:13-53
activity#com.shuorigf.streetlampapp.GetPositionActivity
ADDED from src\main\AndroidManifest.xml:143:9-145:52
	android:screenOrientation
		ADDED from src\main\AndroidManifest.xml:145:13-49
	android:name
		ADDED from src\main\AndroidManifest.xml:144:13-48
activity#com.shuorigf.streetlampapp.SelectLampControlActivity
ADDED from src\main\AndroidManifest.xml:147:10-150:52
	android:screenOrientation
		ADDED from src\main\AndroidManifest.xml:150:13-49
	android:windowSoftInputMode
		ADDED from src\main\AndroidManifest.xml:149:13-64
	android:name
		ADDED from src\main\AndroidManifest.xml:148:13-54
activity#com.shuorigf.streetlampapp.SelectedLampControlActivity
ADDED from src\main\AndroidManifest.xml:152:11-154:52
	android:screenOrientation
		ADDED from src\main\AndroidManifest.xml:154:13-49
	android:name
		ADDED from src\main\AndroidManifest.xml:153:13-56
activity#com.shuorigf.streetlampapp.ControlActivity
ADDED from src\main\AndroidManifest.xml:156:11-158:52
	android:screenOrientation
		ADDED from src\main\AndroidManifest.xml:158:13-49
	android:name
		ADDED from src\main\AndroidManifest.xml:157:13-44
activity#com.shuorigf.streetlampapp.EditFaultListActivity
ADDED from src\main\AndroidManifest.xml:160:11-162:52
	android:screenOrientation
		ADDED from src\main\AndroidManifest.xml:162:13-49
	android:name
		ADDED from src\main\AndroidManifest.xml:161:13-50
meta-data#com.baidu.lbsapi.API_KEY
ADDED from src\main\AndroidManifest.xml:165:9-167:64
	android:value
		ADDED from src\main\AndroidManifest.xml:167:13-61
	android:name
		ADDED from src\main\AndroidManifest.xml:166:13-52
service#com.baidu.location.f
ADDED from src\main\AndroidManifest.xml:169:9-173:19
	android:process
		ADDED from src\main\AndroidManifest.xml:172:13-38
	android:enabled
		ADDED from src\main\AndroidManifest.xml:171:13-35
	android:name
		ADDED from src\main\AndroidManifest.xml:170:13-48
meta-data#com.amap.api.v2.apikey
ADDED from src\main\AndroidManifest.xml:177:9-179:62
	android:value
		ADDED from src\main\AndroidManifest.xml:179:12-60
	android:name
		ADDED from src\main\AndroidManifest.xml:178:12-49
activity#com.zxing.android.CaptureActivity
ADDED from src\main\AndroidManifest.xml:181:9-185:20
	android:screenOrientation
		ADDED from src\main\AndroidManifest.xml:183:13-49
	android:theme
		ADDED from src\main\AndroidManifest.xml:184:13-60
	android:name
		ADDED from src\main\AndroidManifest.xml:182:13-61